connected to: 127.0.0.1
Wed Mar 16 10:50:14.306 all dbs
Wed Mar 16 10:50:14.306 DATABASE: meteor	 to 	dump/meteor
Wed Mar 16 10:50:14.306 	meteor.system.indexes to dump/meteor/system.indexes.bson
Wed Mar 16 10:50:14.306 		 51 objects
Wed Mar 16 10:50:14.306 	meteor.users to dump/meteor/users.bson
Wed Mar 16 10:50:14.351 		 41514 objects
Wed Mar 16 10:50:14.352 	Metadata for meteor.users to dump/meteor/users.metadata.json
Wed Mar 16 10:50:14.352 	meteor.roles to dump/meteor/roles.bson
Wed Mar 16 10:50:14.352 		 1 objects
Wed Mar 16 10:50:14.352 	Metadata for meteor.roles to dump/meteor/roles.metadata.json
Wed Mar 16 10:50:14.352 	meteor.meteor_accounts_loginServiceConfiguration to dump/meteor/meteor_accounts_loginServiceConfiguration.bson
Wed Mar 16 10:50:14.352 		 4 objects
Wed Mar 16 10:50:14.352 	Metadata for meteor.meteor_accounts_loginServiceConfiguration to dump/meteor/meteor_accounts_loginServiceConfiguration.metadata.json
Wed Mar 16 10:50:14.352 	meteor.meteor_oauth_pendingCredentials to dump/meteor/meteor_oauth_pendingCredentials.bson
Wed Mar 16 10:50:14.352 		 0 objects
Wed Mar 16 10:50:14.353 	Metadata for meteor.meteor_oauth_pendingCredentials to dump/meteor/meteor_oauth_pendingCredentials.metadata.json
Wed Mar 16 10:50:14.353 	meteor.meteor_oauth_pendingRequestTokens to dump/meteor/meteor_oauth_pendingRequestTokens.bson
Wed Mar 16 10:50:14.353 		 0 objects
Wed Mar 16 10:50:14.353 	Metadata for meteor.meteor_oauth_pendingRequestTokens to dump/meteor/meteor_oauth_pendingRequestTokens.metadata.json
Wed Mar 16 10:50:14.353 	meteor.userTracking to dump/meteor/userTracking.bson
Wed Mar 16 10:50:14.391 		 53949 objects
Wed Mar 16 10:50:14.391 	Metadata for meteor.userTracking to dump/meteor/userTracking.metadata.json
Wed Mar 16 10:50:14.391 	meteor.contents_type to dump/meteor/contents_type.bson
Wed Mar 16 10:50:14.392 		 3 objects
Wed Mar 16 10:50:14.392 	Metadata for meteor.contents_type to dump/meteor/contents_type.metadata.json
Wed Mar 16 10:50:14.392 	meteor.parentattr to dump/meteor/parentattr.bson
Wed Mar 16 10:50:14.392 		 2 objects
Wed Mar 16 10:50:14.392 	Metadata for meteor.parentattr to dump/meteor/parentattr.metadata.json
Wed Mar 16 10:50:14.392 	meteor.categories to dump/meteor/categories.bson
Wed Mar 16 10:50:14.392 		 66 objects
Wed Mar 16 10:50:14.392 	Metadata for meteor.categories to dump/meteor/categories.metadata.json
Wed Mar 16 10:50:14.392 	meteor.journey to dump/meteor/journey.bson
Wed Mar 16 10:50:14.392 		 3 objects
Wed Mar 16 10:50:14.392 	Metadata for meteor.journey to dump/meteor/journey.metadata.json
Wed Mar 16 10:50:14.392 	meteor.translation to dump/meteor/translation.bson
Wed Mar 16 10:50:14.393 		 751 objects
Wed Mar 16 10:50:14.393 	Metadata for meteor.translation to dump/meteor/translation.metadata.json
Wed Mar 16 10:50:14.393 	meteor.order to dump/meteor/order.bson
Wed Mar 16 10:50:14.393 		 27 objects
Wed Mar 16 10:50:14.393 	Metadata for meteor.order to dump/meteor/order.metadata.json
Wed Mar 16 10:50:14.393 	meteor.payments to dump/meteor/payments.bson
Wed Mar 16 10:50:14.393 		 20 objects
Wed Mar 16 10:50:14.393 	Metadata for meteor.payments to dump/meteor/payments.metadata.json
Wed Mar 16 10:50:14.393 	meteor.cart to dump/meteor/cart.bson
Wed Mar 16 10:50:14.394 		 40 objects
Wed Mar 16 10:50:14.394 	Metadata for meteor.cart to dump/meteor/cart.metadata.json
Wed Mar 16 10:50:14.394 	meteor.p2 to dump/meteor/p2.bson
Wed Mar 16 10:50:14.400 		 848 objects
Wed Mar 16 10:50:14.400 	Metadata for meteor.p2 to dump/meteor/p2.metadata.json
Wed Mar 16 10:50:14.400 	meteor.parent_tags to dump/meteor/parent_tags.bson
Wed Mar 16 10:50:14.400 		 133 objects
Wed Mar 16 10:50:14.400 	Metadata for meteor.parent_tags to dump/meteor/parent_tags.metadata.json
Wed Mar 16 10:50:14.400 	meteor.products to dump/meteor/products.bson
Wed Mar 16 10:50:14.407 		 1297 objects
Wed Mar 16 10:50:14.407 	Metadata for meteor.products to dump/meteor/products.metadata.json
Wed Mar 16 10:50:14.407 	meteor.card to dump/meteor/card.bson
Wed Mar 16 10:50:14.407 		 0 objects
Wed Mar 16 10:50:14.407 	Metadata for meteor.card to dump/meteor/card.metadata.json
Wed Mar 16 10:50:14.407 	meteor.banner to dump/meteor/banner.bson
Wed Mar 16 10:50:14.407 		 6 objects
Wed Mar 16 10:50:14.407 	Metadata for meteor.banner to dump/meteor/banner.metadata.json
Wed Mar 16 10:50:14.407 	meteor.daily to dump/meteor/daily.bson
Wed Mar 16 10:50:14.407 		 31 objects
Wed Mar 16 10:50:14.407 	Metadata for meteor.daily to dump/meteor/daily.metadata.json
Wed Mar 16 10:50:14.407 	meteor.favorite to dump/meteor/favorite.bson
Wed Mar 16 10:50:14.408 		 109 objects
Wed Mar 16 10:50:14.408 	Metadata for meteor.favorite to dump/meteor/favorite.metadata.json
Wed Mar 16 10:50:14.408 	meteor.cfs.images.filerecord to dump/meteor/cfs.images.filerecord.bson
Wed Mar 16 10:50:14.409 		 818 objects
Wed Mar 16 10:50:14.409 	Metadata for meteor.cfs.images.filerecord to dump/meteor/cfs.images.filerecord.metadata.json
Wed Mar 16 10:50:14.409 	meteor.shops to dump/meteor/shops.bson
Wed Mar 16 10:50:14.409 		 2 objects
Wed Mar 16 10:50:14.409 	Metadata for meteor.shops to dump/meteor/shops.metadata.json
Wed Mar 16 10:50:14.409 	meteor.list_product to dump/meteor/list_product.bson
Wed Mar 16 10:50:14.409 		 3 objects
Wed Mar 16 10:50:14.409 	Metadata for meteor.list_product to dump/meteor/list_product.metadata.json
Wed Mar 16 10:50:14.409 	meteor.question to dump/meteor/question.bson
Wed Mar 16 10:50:14.409 		 6 objects
Wed Mar 16 10:50:14.409 	Metadata for meteor.question to dump/meteor/question.metadata.json
Wed Mar 16 10:50:14.409 	meteor.stock to dump/meteor/stock.bson
Wed Mar 16 10:50:14.484 		 115960 objects
Wed Mar 16 10:50:14.484 	Metadata for meteor.stock to dump/meteor/stock.metadata.json
Wed Mar 16 10:50:14.484 	meteor.linkselling to dump/meteor/linkselling.bson
Wed Mar 16 10:50:14.484 		 1 objects
Wed Mar 16 10:50:14.484 	Metadata for meteor.linkselling to dump/meteor/linkselling.metadata.json
Wed Mar 16 10:50:14.484 	meteor.attribute to dump/meteor/attribute.bson
Wed Mar 16 10:50:14.489 		 5816 objects
Wed Mar 16 10:50:14.489 	Metadata for meteor.attribute to dump/meteor/attribute.metadata.json
Wed Mar 16 10:50:14.489 	meteor.cfs._tempstore.chunks to dump/meteor/cfs._tempstore.chunks.bson
Wed Mar 16 10:50:14.490 		 1 objects
Wed Mar 16 10:50:14.490 	Metadata for meteor.cfs._tempstore.chunks to dump/meteor/cfs._tempstore.chunks.metadata.json
Wed Mar 16 10:50:14.490 	meteor.tags to dump/meteor/tags.bson
Wed Mar 16 10:50:14.490 		 667 objects
Wed Mar 16 10:50:14.490 	Metadata for meteor.tags to dump/meteor/tags.metadata.json
Wed Mar 16 10:50:14.490 	meteor.attribute_value to dump/meteor/attribute_value.bson
Wed Mar 16 10:50:14.491 		 440 objects
Wed Mar 16 10:50:14.491 	Metadata for meteor.attribute_value to dump/meteor/attribute_value.metadata.json
Wed Mar 16 10:50:14.491 	meteor.contents to dump/meteor/contents.bson
Wed Mar 16 10:50:14.491 		 21 objects
Wed Mar 16 10:50:14.491 	Metadata for meteor.contents to dump/meteor/contents.metadata.json
connected to: 127.0.0.1
Wed Mar 16 10:51:14.511 all dbs
Wed Mar 16 10:51:14.511 DATABASE: meteor	 to 	dump/meteor
Wed Mar 16 10:51:14.511 	meteor.system.indexes to dump/meteor/system.indexes.bson
Wed Mar 16 10:51:14.511 		 51 objects
Wed Mar 16 10:51:14.511 	meteor.users to dump/meteor/users.bson
Wed Mar 16 10:51:14.552 		 41514 objects
Wed Mar 16 10:51:14.552 	Metadata for meteor.users to dump/meteor/users.metadata.json
Wed Mar 16 10:51:14.553 	meteor.roles to dump/meteor/roles.bson
Wed Mar 16 10:51:14.553 		 1 objects
Wed Mar 16 10:51:14.553 	Metadata for meteor.roles to dump/meteor/roles.metadata.json
Wed Mar 16 10:51:14.553 	meteor.meteor_accounts_loginServiceConfiguration to dump/meteor/meteor_accounts_loginServiceConfiguration.bson
Wed Mar 16 10:51:14.553 		 4 objects
Wed Mar 16 10:51:14.553 	Metadata for meteor.meteor_accounts_loginServiceConfiguration to dump/meteor/meteor_accounts_loginServiceConfiguration.metadata.json
Wed Mar 16 10:51:14.553 	meteor.meteor_oauth_pendingCredentials to dump/meteor/meteor_oauth_pendingCredentials.bson
Wed Mar 16 10:51:14.553 		 0 objects
Wed Mar 16 10:51:14.553 	Metadata for meteor.meteor_oauth_pendingCredentials to dump/meteor/meteor_oauth_pendingCredentials.metadata.json
Wed Mar 16 10:51:14.553 	meteor.meteor_oauth_pendingRequestTokens to dump/meteor/meteor_oauth_pendingRequestTokens.bson
Wed Mar 16 10:51:14.553 		 0 objects
Wed Mar 16 10:51:14.553 	Metadata for meteor.meteor_oauth_pendingRequestTokens to dump/meteor/meteor_oauth_pendingRequestTokens.metadata.json
Wed Mar 16 10:51:14.553 	meteor.userTracking to dump/meteor/userTracking.bson
Wed Mar 16 10:51:14.591 		 53949 objects
Wed Mar 16 10:51:14.591 	Metadata for meteor.userTracking to dump/meteor/userTracking.metadata.json
Wed Mar 16 10:51:14.591 	meteor.contents_type to dump/meteor/contents_type.bson
Wed Mar 16 10:51:14.591 		 3 objects
Wed Mar 16 10:51:14.591 	Metadata for meteor.contents_type to dump/meteor/contents_type.metadata.json
Wed Mar 16 10:51:14.591 	meteor.parentattr to dump/meteor/parentattr.bson
Wed Mar 16 10:51:14.592 		 2 objects
Wed Mar 16 10:51:14.592 	Metadata for meteor.parentattr to dump/meteor/parentattr.metadata.json
Wed Mar 16 10:51:14.592 	meteor.categories to dump/meteor/categories.bson
Wed Mar 16 10:51:14.592 		 66 objects
Wed Mar 16 10:51:14.592 	Metadata for meteor.categories to dump/meteor/categories.metadata.json
Wed Mar 16 10:51:14.592 	meteor.journey to dump/meteor/journey.bson
Wed Mar 16 10:51:14.592 		 3 objects
Wed Mar 16 10:51:14.592 	Metadata for meteor.journey to dump/meteor/journey.metadata.json
Wed Mar 16 10:51:14.592 	meteor.translation to dump/meteor/translation.bson
Wed Mar 16 10:51:14.593 		 751 objects
Wed Mar 16 10:51:14.593 	Metadata for meteor.translation to dump/meteor/translation.metadata.json
Wed Mar 16 10:51:14.593 	meteor.order to dump/meteor/order.bson
Wed Mar 16 10:51:14.593 		 27 objects
Wed Mar 16 10:51:14.593 	Metadata for meteor.order to dump/meteor/order.metadata.json
Wed Mar 16 10:51:14.593 	meteor.payments to dump/meteor/payments.bson
Wed Mar 16 10:51:14.593 		 20 objects
Wed Mar 16 10:51:14.593 	Metadata for meteor.payments to dump/meteor/payments.metadata.json
Wed Mar 16 10:51:14.593 	meteor.cart to dump/meteor/cart.bson
Wed Mar 16 10:51:14.593 		 40 objects
Wed Mar 16 10:51:14.593 	Metadata for meteor.cart to dump/meteor/cart.metadata.json
Wed Mar 16 10:51:14.593 	meteor.p2 to dump/meteor/p2.bson
Wed Mar 16 10:51:14.599 		 848 objects
Wed Mar 16 10:51:14.599 	Metadata for meteor.p2 to dump/meteor/p2.metadata.json
Wed Mar 16 10:51:14.599 	meteor.parent_tags to dump/meteor/parent_tags.bson
Wed Mar 16 10:51:14.599 		 133 objects
Wed Mar 16 10:51:14.599 	Metadata for meteor.parent_tags to dump/meteor/parent_tags.metadata.json
Wed Mar 16 10:51:14.599 	meteor.products to dump/meteor/products.bson
Wed Mar 16 10:51:14.605 		 1297 objects
Wed Mar 16 10:51:14.605 	Metadata for meteor.products to dump/meteor/products.metadata.json
Wed Mar 16 10:51:14.605 	meteor.card to dump/meteor/card.bson
Wed Mar 16 10:51:14.606 		 0 objects
Wed Mar 16 10:51:14.606 	Metadata for meteor.card to dump/meteor/card.metadata.json
Wed Mar 16 10:51:14.606 	meteor.banner to dump/meteor/banner.bson
Wed Mar 16 10:51:14.606 		 6 objects
Wed Mar 16 10:51:14.606 	Metadata for meteor.banner to dump/meteor/banner.metadata.json
Wed Mar 16 10:51:14.606 	meteor.daily to dump/meteor/daily.bson
Wed Mar 16 10:51:14.606 		 31 objects
Wed Mar 16 10:51:14.606 	Metadata for meteor.daily to dump/meteor/daily.metadata.json
Wed Mar 16 10:51:14.606 	meteor.favorite to dump/meteor/favorite.bson
Wed Mar 16 10:51:14.606 		 109 objects
Wed Mar 16 10:51:14.606 	Metadata for meteor.favorite to dump/meteor/favorite.metadata.json
Wed Mar 16 10:51:14.606 	meteor.cfs.images.filerecord to dump/meteor/cfs.images.filerecord.bson
Wed Mar 16 10:51:14.607 		 818 objects
Wed Mar 16 10:51:14.607 	Metadata for meteor.cfs.images.filerecord to dump/meteor/cfs.images.filerecord.metadata.json
Wed Mar 16 10:51:14.607 	meteor.shops to dump/meteor/shops.bson
Wed Mar 16 10:51:14.607 		 2 objects
Wed Mar 16 10:51:14.607 	Metadata for meteor.shops to dump/meteor/shops.metadata.json
Wed Mar 16 10:51:14.608 	meteor.list_product to dump/meteor/list_product.bson
Wed Mar 16 10:51:14.608 		 3 objects
Wed Mar 16 10:51:14.608 	Metadata for meteor.list_product to dump/meteor/list_product.metadata.json
Wed Mar 16 10:51:14.608 	meteor.question to dump/meteor/question.bson
Wed Mar 16 10:51:14.608 		 6 objects
Wed Mar 16 10:51:14.608 	Metadata for meteor.question to dump/meteor/question.metadata.json
Wed Mar 16 10:51:14.608 	meteor.stock to dump/meteor/stock.bson
Wed Mar 16 10:51:14.682 		 115960 objects
Wed Mar 16 10:51:14.682 	Metadata for meteor.stock to dump/meteor/stock.metadata.json
Wed Mar 16 10:51:14.682 	meteor.linkselling to dump/meteor/linkselling.bson
Wed Mar 16 10:51:14.682 		 1 objects
Wed Mar 16 10:51:14.682 	Metadata for meteor.linkselling to dump/meteor/linkselling.metadata.json
Wed Mar 16 10:51:14.682 	meteor.attribute to dump/meteor/attribute.bson
Wed Mar 16 10:51:14.687 		 5816 objects
Wed Mar 16 10:51:14.687 	Metadata for meteor.attribute to dump/meteor/attribute.metadata.json
Wed Mar 16 10:51:14.687 	meteor.cfs._tempstore.chunks to dump/meteor/cfs._tempstore.chunks.bson
Wed Mar 16 10:51:14.687 		 1 objects
Wed Mar 16 10:51:14.687 	Metadata for meteor.cfs._tempstore.chunks to dump/meteor/cfs._tempstore.chunks.metadata.json
Wed Mar 16 10:51:14.687 	meteor.tags to dump/meteor/tags.bson
Wed Mar 16 10:51:14.688 		 667 objects
Wed Mar 16 10:51:14.688 	Metadata for meteor.tags to dump/meteor/tags.metadata.json
Wed Mar 16 10:51:14.688 	meteor.attribute_value to dump/meteor/attribute_value.bson
Wed Mar 16 10:51:14.688 		 440 objects
Wed Mar 16 10:51:14.688 	Metadata for meteor.attribute_value to dump/meteor/attribute_value.metadata.json
Wed Mar 16 10:51:14.688 	meteor.contents to dump/meteor/contents.bson
Wed Mar 16 10:51:14.689 		 21 objects
Wed Mar 16 10:51:14.689 	Metadata for meteor.contents to dump/meteor/contents.metadata.json
connected to: 127.0.0.1
Wed Mar 16 10:52:14.708 all dbs
Wed Mar 16 10:52:14.708 DATABASE: meteor	 to 	dump/meteor
Wed Mar 16 10:52:14.708 	meteor.system.indexes to dump/meteor/system.indexes.bson
Wed Mar 16 10:52:14.708 		 51 objects
Wed Mar 16 10:52:14.708 	meteor.users to dump/meteor/users.bson
Wed Mar 16 10:52:14.752 		 41514 objects
Wed Mar 16 10:52:14.752 	Metadata for meteor.users to dump/meteor/users.metadata.json
Wed Mar 16 10:52:14.753 	meteor.roles to dump/meteor/roles.bson
Wed Mar 16 10:52:14.753 		 1 objects
Wed Mar 16 10:52:14.753 	Metadata for meteor.roles to dump/meteor/roles.metadata.json
Wed Mar 16 10:52:14.754 	meteor.meteor_accounts_loginServiceConfiguration to dump/meteor/meteor_accounts_loginServiceConfiguration.bson
Wed Mar 16 10:52:14.754 		 4 objects
Wed Mar 16 10:52:14.754 	Metadata for meteor.meteor_accounts_loginServiceConfiguration to dump/meteor/meteor_accounts_loginServiceConfiguration.metadata.json
Wed Mar 16 10:52:14.754 	meteor.meteor_oauth_pendingCredentials to dump/meteor/meteor_oauth_pendingCredentials.bson
Wed Mar 16 10:52:14.754 		 0 objects
Wed Mar 16 10:52:14.754 	Metadata for meteor.meteor_oauth_pendingCredentials to dump/meteor/meteor_oauth_pendingCredentials.metadata.json
Wed Mar 16 10:52:14.754 	meteor.meteor_oauth_pendingRequestTokens to dump/meteor/meteor_oauth_pendingRequestTokens.bson
Wed Mar 16 10:52:14.754 		 0 objects
Wed Mar 16 10:52:14.754 	Metadata for meteor.meteor_oauth_pendingRequestTokens to dump/meteor/meteor_oauth_pendingRequestTokens.metadata.json
Wed Mar 16 10:52:14.754 	meteor.userTracking to dump/meteor/userTracking.bson
Wed Mar 16 10:52:14.791 		 53949 objects
Wed Mar 16 10:52:14.791 	Metadata for meteor.userTracking to dump/meteor/userTracking.metadata.json
Wed Mar 16 10:52:14.792 	meteor.contents_type to dump/meteor/contents_type.bson
Wed Mar 16 10:52:14.792 		 3 objects
Wed Mar 16 10:52:14.792 	Metadata for meteor.contents_type to dump/meteor/contents_type.metadata.json
Wed Mar 16 10:52:14.792 	meteor.parentattr to dump/meteor/parentattr.bson
Wed Mar 16 10:52:14.792 		 2 objects
Wed Mar 16 10:52:14.792 	Metadata for meteor.parentattr to dump/meteor/parentattr.metadata.json
Wed Mar 16 10:52:14.794 	meteor.categories to dump/meteor/categories.bson
Wed Mar 16 10:52:14.794 		 66 objects
Wed Mar 16 10:52:14.794 	Metadata for meteor.categories to dump/meteor/categories.metadata.json
Wed Mar 16 10:52:14.794 	meteor.journey to dump/meteor/journey.bson
Wed Mar 16 10:52:14.794 		 3 objects
Wed Mar 16 10:52:14.794 	Metadata for meteor.journey to dump/meteor/journey.metadata.json
Wed Mar 16 10:52:14.794 	meteor.translation to dump/meteor/translation.bson
Wed Mar 16 10:52:14.795 		 751 objects
Wed Mar 16 10:52:14.795 	Metadata for meteor.translation to dump/meteor/translation.metadata.json
Wed Mar 16 10:52:14.795 	meteor.order to dump/meteor/order.bson
Wed Mar 16 10:52:14.795 		 27 objects
Wed Mar 16 10:52:14.795 	Metadata for meteor.order to dump/meteor/order.metadata.json
Wed Mar 16 10:52:14.795 	meteor.payments to dump/meteor/payments.bson
Wed Mar 16 10:52:14.795 		 20 objects
Wed Mar 16 10:52:14.795 	Metadata for meteor.payments to dump/meteor/payments.metadata.json
Wed Mar 16 10:52:14.796 	meteor.cart to dump/meteor/cart.bson
Wed Mar 16 10:52:14.796 		 40 objects
Wed Mar 16 10:52:14.796 	Metadata for meteor.cart to dump/meteor/cart.metadata.json
Wed Mar 16 10:52:14.796 	meteor.p2 to dump/meteor/p2.bson
Wed Mar 16 10:52:14.802 		 848 objects
Wed Mar 16 10:52:14.802 	Metadata for meteor.p2 to dump/meteor/p2.metadata.json
Wed Mar 16 10:52:14.802 	meteor.parent_tags to dump/meteor/parent_tags.bson
Wed Mar 16 10:52:14.802 		 133 objects
Wed Mar 16 10:52:14.802 	Metadata for meteor.parent_tags to dump/meteor/parent_tags.metadata.json
Wed Mar 16 10:52:14.802 	meteor.products to dump/meteor/products.bson
Wed Mar 16 10:52:14.809 		 1297 objects
Wed Mar 16 10:52:14.809 	Metadata for meteor.products to dump/meteor/products.metadata.json
Wed Mar 16 10:52:14.809 	meteor.card to dump/meteor/card.bson
Wed Mar 16 10:52:14.809 		 0 objects
Wed Mar 16 10:52:14.809 	Metadata for meteor.card to dump/meteor/card.metadata.json
Wed Mar 16 10:52:14.809 	meteor.banner to dump/meteor/banner.bson
Wed Mar 16 10:52:14.809 		 6 objects
Wed Mar 16 10:52:14.809 	Metadata for meteor.banner to dump/meteor/banner.metadata.json
Wed Mar 16 10:52:14.809 	meteor.daily to dump/meteor/daily.bson
Wed Mar 16 10:52:14.810 		 31 objects
Wed Mar 16 10:52:14.810 	Metadata for meteor.daily to dump/meteor/daily.metadata.json
Wed Mar 16 10:52:14.810 	meteor.favorite to dump/meteor/favorite.bson
Wed Mar 16 10:52:14.810 		 109 objects
Wed Mar 16 10:52:14.810 	Metadata for meteor.favorite to dump/meteor/favorite.metadata.json
Wed Mar 16 10:52:14.810 	meteor.cfs.images.filerecord to dump/meteor/cfs.images.filerecord.bson
Wed Mar 16 10:52:14.811 		 818 objects
Wed Mar 16 10:52:14.811 	Metadata for meteor.cfs.images.filerecord to dump/meteor/cfs.images.filerecord.metadata.json
Wed Mar 16 10:52:14.811 	meteor.shops to dump/meteor/shops.bson
Wed Mar 16 10:52:14.811 		 2 objects
Wed Mar 16 10:52:14.811 	Metadata for meteor.shops to dump/meteor/shops.metadata.json
Wed Mar 16 10:52:14.811 	meteor.list_product to dump/meteor/list_product.bson
Wed Mar 16 10:52:14.811 		 3 objects
Wed Mar 16 10:52:14.811 	Metadata for meteor.list_product to dump/meteor/list_product.metadata.json
Wed Mar 16 10:52:14.811 	meteor.question to dump/meteor/question.bson
Wed Mar 16 10:52:14.812 		 6 objects
Wed Mar 16 10:52:14.812 	Metadata for meteor.question to dump/meteor/question.metadata.json
Wed Mar 16 10:52:14.812 	meteor.stock to dump/meteor/stock.bson
Wed Mar 16 10:52:14.887 		 115960 objects
Wed Mar 16 10:52:14.887 	Metadata for meteor.stock to dump/meteor/stock.metadata.json
Wed Mar 16 10:52:14.887 	meteor.linkselling to dump/meteor/linkselling.bson
Wed Mar 16 10:52:14.887 		 1 objects
Wed Mar 16 10:52:14.887 	Metadata for meteor.linkselling to dump/meteor/linkselling.metadata.json
Wed Mar 16 10:52:14.887 	meteor.attribute to dump/meteor/attribute.bson
Wed Mar 16 10:52:14.892 		 5816 objects
Wed Mar 16 10:52:14.892 	Metadata for meteor.attribute to dump/meteor/attribute.metadata.json
Wed Mar 16 10:52:14.892 	meteor.cfs._tempstore.chunks to dump/meteor/cfs._tempstore.chunks.bson
Wed Mar 16 10:52:14.892 		 1 objects
Wed Mar 16 10:52:14.892 	Metadata for meteor.cfs._tempstore.chunks to dump/meteor/cfs._tempstore.chunks.metadata.json
Wed Mar 16 10:52:14.892 	meteor.tags to dump/meteor/tags.bson
Wed Mar 16 10:52:14.893 		 667 objects
Wed Mar 16 10:52:14.893 	Metadata for meteor.tags to dump/meteor/tags.metadata.json
Wed Mar 16 10:52:14.893 	meteor.attribute_value to dump/meteor/attribute_value.bson
Wed Mar 16 10:52:14.893 		 440 objects
Wed Mar 16 10:52:14.894 	Metadata for meteor.attribute_value to dump/meteor/attribute_value.metadata.json
Wed Mar 16 10:52:14.894 	meteor.contents to dump/meteor/contents.bson
Wed Mar 16 10:52:14.894 		 21 objects
Wed Mar 16 10:52:14.894 	Metadata for meteor.contents to dump/meteor/contents.metadata.json
connected to: 127.0.0.1
Wed Mar 16 10:53:14.936 all dbs
Wed Mar 16 10:53:14.937 DATABASE: meteor	 to 	dump/meteor
Wed Mar 16 10:53:14.937 	meteor.system.indexes to dump/meteor/system.indexes.bson
Wed Mar 16 10:53:14.937 		 51 objects
Wed Mar 16 10:53:14.937 	meteor.users to dump/meteor/users.bson
Wed Mar 16 10:53:14.979 		 41514 objects
Wed Mar 16 10:53:14.980 	Metadata for meteor.users to dump/meteor/users.metadata.json
Wed Mar 16 10:53:14.980 	meteor.roles to dump/meteor/roles.bson
Wed Mar 16 10:53:14.980 		 1 objects
Wed Mar 16 10:53:14.980 	Metadata for meteor.roles to dump/meteor/roles.metadata.json
Wed Mar 16 10:53:14.980 	meteor.meteor_accounts_loginServiceConfiguration to dump/meteor/meteor_accounts_loginServiceConfiguration.bson
Wed Mar 16 10:53:14.980 		 4 objects
Wed Mar 16 10:53:14.980 	Metadata for meteor.meteor_accounts_loginServiceConfiguration to dump/meteor/meteor_accounts_loginServiceConfiguration.metadata.json
Wed Mar 16 10:53:14.980 	meteor.meteor_oauth_pendingCredentials to dump/meteor/meteor_oauth_pendingCredentials.bson
Wed Mar 16 10:53:14.980 		 0 objects
Wed Mar 16 10:53:14.980 	Metadata for meteor.meteor_oauth_pendingCredentials to dump/meteor/meteor_oauth_pendingCredentials.metadata.json
Wed Mar 16 10:53:14.981 	meteor.meteor_oauth_pendingRequestTokens to dump/meteor/meteor_oauth_pendingRequestTokens.bson
Wed Mar 16 10:53:14.981 		 0 objects
Wed Mar 16 10:53:14.981 	Metadata for meteor.meteor_oauth_pendingRequestTokens to dump/meteor/meteor_oauth_pendingRequestTokens.metadata.json
Wed Mar 16 10:53:14.981 	meteor.userTracking to dump/meteor/userTracking.bson
Wed Mar 16 10:53:15.018 		 53949 objects
Wed Mar 16 10:53:15.018 	Metadata for meteor.userTracking to dump/meteor/userTracking.metadata.json
Wed Mar 16 10:53:15.018 	meteor.contents_type to dump/meteor/contents_type.bson
Wed Mar 16 10:53:15.018 		 3 objects
Wed Mar 16 10:53:15.018 	Metadata for meteor.contents_type to dump/meteor/contents_type.metadata.json
Wed Mar 16 10:53:15.018 	meteor.parentattr to dump/meteor/parentattr.bson
Wed Mar 16 10:53:15.018 		 2 objects
Wed Mar 16 10:53:15.018 	Metadata for meteor.parentattr to dump/meteor/parentattr.metadata.json
Wed Mar 16 10:53:15.018 	meteor.categories to dump/meteor/categories.bson
Wed Mar 16 10:53:15.019 		 66 objects
Wed Mar 16 10:53:15.019 	Metadata for meteor.categories to dump/meteor/categories.metadata.json
Wed Mar 16 10:53:15.019 	meteor.journey to dump/meteor/journey.bson
Wed Mar 16 10:53:15.019 		 3 objects
Wed Mar 16 10:53:15.019 	Metadata for meteor.journey to dump/meteor/journey.metadata.json
Wed Mar 16 10:53:15.019 	meteor.translation to dump/meteor/translation.bson
Wed Mar 16 10:53:15.019 		 751 objects
Wed Mar 16 10:53:15.019 	Metadata for meteor.translation to dump/meteor/translation.metadata.json
Wed Mar 16 10:53:15.020 	meteor.order to dump/meteor/order.bson
Wed Mar 16 10:53:15.020 		 27 objects
Wed Mar 16 10:53:15.020 	Metadata for meteor.order to dump/meteor/order.metadata.json
Wed Mar 16 10:53:15.020 	meteor.payments to dump/meteor/payments.bson
Wed Mar 16 10:53:15.020 		 20 objects
Wed Mar 16 10:53:15.020 	Metadata for meteor.payments to dump/meteor/payments.metadata.json
Wed Mar 16 10:53:15.020 	meteor.cart to dump/meteor/cart.bson
Wed Mar 16 10:53:15.020 		 40 objects
Wed Mar 16 10:53:15.020 	Metadata for meteor.cart to dump/meteor/cart.metadata.json
Wed Mar 16 10:53:15.020 	meteor.p2 to dump/meteor/p2.bson
Wed Mar 16 10:53:15.026 		 848 objects
Wed Mar 16 10:53:15.026 	Metadata for meteor.p2 to dump/meteor/p2.metadata.json
Wed Mar 16 10:53:15.026 	meteor.parent_tags to dump/meteor/parent_tags.bson
Wed Mar 16 10:53:15.026 		 133 objects
Wed Mar 16 10:53:15.026 	Metadata for meteor.parent_tags to dump/meteor/parent_tags.metadata.json
Wed Mar 16 10:53:15.026 	meteor.products to dump/meteor/products.bson
Wed Mar 16 10:53:15.033 		 1297 objects
Wed Mar 16 10:53:15.034 	Metadata for meteor.products to dump/meteor/products.metadata.json
Wed Mar 16 10:53:15.034 	meteor.card to dump/meteor/card.bson
Wed Mar 16 10:53:15.034 		 0 objects
Wed Mar 16 10:53:15.034 	Metadata for meteor.card to dump/meteor/card.metadata.json
Wed Mar 16 10:53:15.034 	meteor.banner to dump/meteor/banner.bson
Wed Mar 16 10:53:15.034 		 6 objects
Wed Mar 16 10:53:15.034 	Metadata for meteor.banner to dump/meteor/banner.metadata.json
Wed Mar 16 10:53:15.034 	meteor.daily to dump/meteor/daily.bson
Wed Mar 16 10:53:15.034 		 31 objects
Wed Mar 16 10:53:15.034 	Metadata for meteor.daily to dump/meteor/daily.metadata.json
Wed Mar 16 10:53:15.034 	meteor.favorite to dump/meteor/favorite.bson
Wed Mar 16 10:53:15.034 		 109 objects
Wed Mar 16 10:53:15.034 	Metadata for meteor.favorite to dump/meteor/favorite.metadata.json
Wed Mar 16 10:53:15.034 	meteor.cfs.images.filerecord to dump/meteor/cfs.images.filerecord.bson
Wed Mar 16 10:53:15.035 		 818 objects
Wed Mar 16 10:53:15.035 	Metadata for meteor.cfs.images.filerecord to dump/meteor/cfs.images.filerecord.metadata.json
Wed Mar 16 10:53:15.035 	meteor.shops to dump/meteor/shops.bson
Wed Mar 16 10:53:15.036 		 2 objects
Wed Mar 16 10:53:15.036 	Metadata for meteor.shops to dump/meteor/shops.metadata.json
Wed Mar 16 10:53:15.036 	meteor.list_product to dump/meteor/list_product.bson
Wed Mar 16 10:53:15.036 		 3 objects
Wed Mar 16 10:53:15.036 	Metadata for meteor.list_product to dump/meteor/list_product.metadata.json
Wed Mar 16 10:53:15.036 	meteor.question to dump/meteor/question.bson
Wed Mar 16 10:53:15.036 		 6 objects
Wed Mar 16 10:53:15.036 	Metadata for meteor.question to dump/meteor/question.metadata.json
Wed Mar 16 10:53:15.036 	meteor.stock to dump/meteor/stock.bson
Wed Mar 16 10:53:15.112 		 115960 objects
Wed Mar 16 10:53:15.112 	Metadata for meteor.stock to dump/meteor/stock.metadata.json
Wed Mar 16 10:53:15.112 	meteor.linkselling to dump/meteor/linkselling.bson
Wed Mar 16 10:53:15.112 		 1 objects
Wed Mar 16 10:53:15.112 	Metadata for meteor.linkselling to dump/meteor/linkselling.metadata.json
Wed Mar 16 10:53:15.112 	meteor.attribute to dump/meteor/attribute.bson
Wed Mar 16 10:53:15.117 		 5816 objects
Wed Mar 16 10:53:15.117 	Metadata for meteor.attribute to dump/meteor/attribute.metadata.json
Wed Mar 16 10:53:15.117 	meteor.cfs._tempstore.chunks to dump/meteor/cfs._tempstore.chunks.bson
Wed Mar 16 10:53:15.117 		 1 objects
Wed Mar 16 10:53:15.117 	Metadata for meteor.cfs._tempstore.chunks to dump/meteor/cfs._tempstore.chunks.metadata.json
Wed Mar 16 10:53:15.117 	meteor.tags to dump/meteor/tags.bson
Wed Mar 16 10:53:15.118 		 667 objects
Wed Mar 16 10:53:15.118 	Metadata for meteor.tags to dump/meteor/tags.metadata.json
Wed Mar 16 10:53:15.118 	meteor.attribute_value to dump/meteor/attribute_value.bson
Wed Mar 16 10:53:15.118 		 440 objects
Wed Mar 16 10:53:15.118 	Metadata for meteor.attribute_value to dump/meteor/attribute_value.metadata.json
Wed Mar 16 10:53:15.118 	meteor.contents to dump/meteor/contents.bson
Wed Mar 16 10:53:15.119 		 21 objects
Wed Mar 16 10:53:15.119 	Metadata for meteor.contents to dump/meteor/contents.metadata.json
connected to: 127.0.0.1
Wed Mar 16 10:59:59.971 all dbs
Wed Mar 16 10:59:59.971 DATABASE: meteor	 to 	dump/meteor
Wed Mar 16 10:59:59.971 	meteor.system.indexes to dump/meteor/system.indexes.bson
Wed Mar 16 10:59:59.971 		 51 objects
Wed Mar 16 10:59:59.971 	meteor.users to dump/meteor/users.bson
Wed Mar 16 11:00:00.013 		 41514 objects
Wed Mar 16 11:00:00.013 	Metadata for meteor.users to dump/meteor/users.metadata.json
Wed Mar 16 11:00:00.013 	meteor.roles to dump/meteor/roles.bson
Wed Mar 16 11:00:00.013 		 1 objects
Wed Mar 16 11:00:00.013 	Metadata for meteor.roles to dump/meteor/roles.metadata.json
Wed Mar 16 11:00:00.013 	meteor.meteor_accounts_loginServiceConfiguration to dump/meteor/meteor_accounts_loginServiceConfiguration.bson
Wed Mar 16 11:00:00.013 		 4 objects
Wed Mar 16 11:00:00.013 	Metadata for meteor.meteor_accounts_loginServiceConfiguration to dump/meteor/meteor_accounts_loginServiceConfiguration.metadata.json
Wed Mar 16 11:00:00.013 	meteor.meteor_oauth_pendingCredentials to dump/meteor/meteor_oauth_pendingCredentials.bson
Wed Mar 16 11:00:00.014 		 0 objects
Wed Mar 16 11:00:00.014 	Metadata for meteor.meteor_oauth_pendingCredentials to dump/meteor/meteor_oauth_pendingCredentials.metadata.json
Wed Mar 16 11:00:00.014 	meteor.meteor_oauth_pendingRequestTokens to dump/meteor/meteor_oauth_pendingRequestTokens.bson
Wed Mar 16 11:00:00.014 		 0 objects
Wed Mar 16 11:00:00.014 	Metadata for meteor.meteor_oauth_pendingRequestTokens to dump/meteor/meteor_oauth_pendingRequestTokens.metadata.json
Wed Mar 16 11:00:00.014 	meteor.userTracking to dump/meteor/userTracking.bson
Wed Mar 16 11:00:00.052 		 53949 objects
Wed Mar 16 11:00:00.052 	Metadata for meteor.userTracking to dump/meteor/userTracking.metadata.json
Wed Mar 16 11:00:00.052 	meteor.contents_type to dump/meteor/contents_type.bson
Wed Mar 16 11:00:00.052 		 3 objects
Wed Mar 16 11:00:00.052 	Metadata for meteor.contents_type to dump/meteor/contents_type.metadata.json
Wed Mar 16 11:00:00.052 	meteor.parentattr to dump/meteor/parentattr.bson
Wed Mar 16 11:00:00.052 		 2 objects
Wed Mar 16 11:00:00.052 	Metadata for meteor.parentattr to dump/meteor/parentattr.metadata.json
Wed Mar 16 11:00:00.052 	meteor.categories to dump/meteor/categories.bson
Wed Mar 16 11:00:00.052 		 66 objects
Wed Mar 16 11:00:00.052 	Metadata for meteor.categories to dump/meteor/categories.metadata.json
Wed Mar 16 11:00:00.052 	meteor.journey to dump/meteor/journey.bson
Wed Mar 16 11:00:00.053 		 3 objects
Wed Mar 16 11:00:00.053 	Metadata for meteor.journey to dump/meteor/journey.metadata.json
Wed Mar 16 11:00:00.053 	meteor.translation to dump/meteor/translation.bson
Wed Mar 16 11:00:00.053 		 751 objects
Wed Mar 16 11:00:00.053 	Metadata for meteor.translation to dump/meteor/translation.metadata.json
Wed Mar 16 11:00:00.053 	meteor.order to dump/meteor/order.bson
Wed Mar 16 11:00:00.053 		 27 objects
Wed Mar 16 11:00:00.054 	Metadata for meteor.order to dump/meteor/order.metadata.json
Wed Mar 16 11:00:00.054 	meteor.payments to dump/meteor/payments.bson
Wed Mar 16 11:00:00.054 		 20 objects
Wed Mar 16 11:00:00.054 	Metadata for meteor.payments to dump/meteor/payments.metadata.json
Wed Mar 16 11:00:00.054 	meteor.cart to dump/meteor/cart.bson
Wed Mar 16 11:00:00.054 		 40 objects
Wed Mar 16 11:00:00.054 	Metadata for meteor.cart to dump/meteor/cart.metadata.json
Wed Mar 16 11:00:00.054 	meteor.p2 to dump/meteor/p2.bson
Wed Mar 16 11:00:00.060 		 848 objects
Wed Mar 16 11:00:00.060 	Metadata for meteor.p2 to dump/meteor/p2.metadata.json
Wed Mar 16 11:00:00.060 	meteor.parent_tags to dump/meteor/parent_tags.bson
Wed Mar 16 11:00:00.060 		 133 objects
Wed Mar 16 11:00:00.060 	Metadata for meteor.parent_tags to dump/meteor/parent_tags.metadata.json
Wed Mar 16 11:00:00.060 	meteor.products to dump/meteor/products.bson
Wed Mar 16 11:00:00.066 		 1297 objects
Wed Mar 16 11:00:00.066 	Metadata for meteor.products to dump/meteor/products.metadata.json
Wed Mar 16 11:00:00.066 	meteor.card to dump/meteor/card.bson
Wed Mar 16 11:00:00.067 		 0 objects
Wed Mar 16 11:00:00.067 	Metadata for meteor.card to dump/meteor/card.metadata.json
Wed Mar 16 11:00:00.067 	meteor.banner to dump/meteor/banner.bson
Wed Mar 16 11:00:00.067 		 6 objects
Wed Mar 16 11:00:00.067 	Metadata for meteor.banner to dump/meteor/banner.metadata.json
Wed Mar 16 11:00:00.067 	meteor.daily to dump/meteor/daily.bson
Wed Mar 16 11:00:00.067 		 31 objects
Wed Mar 16 11:00:00.067 	Metadata for meteor.daily to dump/meteor/daily.metadata.json
Wed Mar 16 11:00:00.067 	meteor.favorite to dump/meteor/favorite.bson
Wed Mar 16 11:00:00.067 		 109 objects
Wed Mar 16 11:00:00.067 	Metadata for meteor.favorite to dump/meteor/favorite.metadata.json
Wed Mar 16 11:00:00.067 	meteor.cfs.images.filerecord to dump/meteor/cfs.images.filerecord.bson
Wed Mar 16 11:00:00.068 		 818 objects
Wed Mar 16 11:00:00.068 	Metadata for meteor.cfs.images.filerecord to dump/meteor/cfs.images.filerecord.metadata.json
Wed Mar 16 11:00:00.068 	meteor.shops to dump/meteor/shops.bson
Wed Mar 16 11:00:00.069 		 2 objects
Wed Mar 16 11:00:00.069 	Metadata for meteor.shops to dump/meteor/shops.metadata.json
Wed Mar 16 11:00:00.069 	meteor.list_product to dump/meteor/list_product.bson
Wed Mar 16 11:00:00.069 		 3 objects
Wed Mar 16 11:00:00.069 	Metadata for meteor.list_product to dump/meteor/list_product.metadata.json
Wed Mar 16 11:00:00.069 	meteor.question to dump/meteor/question.bson
Wed Mar 16 11:00:00.069 		 6 objects
Wed Mar 16 11:00:00.069 	Metadata for meteor.question to dump/meteor/question.metadata.json
Wed Mar 16 11:00:00.069 	meteor.stock to dump/meteor/stock.bson
Wed Mar 16 11:00:00.142 		 115960 objects
Wed Mar 16 11:00:00.142 	Metadata for meteor.stock to dump/meteor/stock.metadata.json
Wed Mar 16 11:00:00.142 	meteor.linkselling to dump/meteor/linkselling.bson
Wed Mar 16 11:00:00.142 		 1 objects
Wed Mar 16 11:00:00.142 	Metadata for meteor.linkselling to dump/meteor/linkselling.metadata.json
Wed Mar 16 11:00:00.142 	meteor.attribute to dump/meteor/attribute.bson
Wed Mar 16 11:00:00.147 		 5816 objects
Wed Mar 16 11:00:00.147 	Metadata for meteor.attribute to dump/meteor/attribute.metadata.json
Wed Mar 16 11:00:00.148 	meteor.cfs._tempstore.chunks to dump/meteor/cfs._tempstore.chunks.bson
Wed Mar 16 11:00:00.148 		 1 objects
Wed Mar 16 11:00:00.148 	Metadata for meteor.cfs._tempstore.chunks to dump/meteor/cfs._tempstore.chunks.metadata.json
Wed Mar 16 11:00:00.148 	meteor.tags to dump/meteor/tags.bson
Wed Mar 16 11:00:00.148 		 667 objects
Wed Mar 16 11:00:00.148 	Metadata for meteor.tags to dump/meteor/tags.metadata.json
Wed Mar 16 11:00:00.149 	meteor.attribute_value to dump/meteor/attribute_value.bson
Wed Mar 16 11:00:00.149 		 440 objects
Wed Mar 16 11:00:00.149 	Metadata for meteor.attribute_value to dump/meteor/attribute_value.metadata.json
Wed Mar 16 11:00:00.149 	meteor.contents to dump/meteor/contents.bson
Wed Mar 16 11:00:00.149 		 21 objects
Wed Mar 16 11:00:00.149 	Metadata for meteor.contents to dump/meteor/contents.metadata.json
